<?xml version="1.0" encoding="UTF-8"?>
<!-- Generated by org.testng.reporters.JUnitReportReporter -->
<testsuite hostname="HW1390" failures="0" tests="1" name="LoginTest" time="0.858" errors="0" timestamp="2025-10-23T11:49:03 IST" skipped="0">
  <testcase classname="LoginTest" name="testLogin" time="0.858"/>
</testsuite> <!-- LoginTest -->
